============================================================
 0  0  0  0  0  0  0  0 -1  0 -1 -1 -1 -1 -1 -1 -1 -1 -1 -1
 0  0  0  0  0  0  0 -1 -1 -1 -1 -1 -1 -1 -1 -1 -1 -1 -1 -1
 0  0  0  0  0  0 -1 -1 -1 -1 -1 -1 -1 -1 -1 -1 -1 -1 -1 -1
 0  0  0  1  1  1  1  1  1  1  1  1  1  1  1  1  1 -1 -1 -1
 0  0  0  1  1  1  1  1  1  1  1  1  1  1  1  1  1 -1 -1 -1
 0  0  0  1  1  0 -1  0  0 -1 -1 -1 -1 -1 -1  1  1 -1 -1 -1
 0  0  0  1  1 -1 -1 -1 -1 -1 -1 -1 -1 -1 -1  1  1 -1 -1 -1
 0  0 -1  1  1  0 -1  0 -1 -1 -1 -1 -1 -1 -1  1  1 -1 -1 -1
 0 -1 -1  1  1 -1 -1 -1  0 -1 -1 -1 -1 -1 -1  1  1 -1 -1 -1
-1 -1 -1  1  1  0 -1  0 -1 -1 -1 -1 -1 -1 -1 -1  1 -1 -1 -1
-1  0  0  1  1  0  0 -1 -1 -1 -1 -1 -1 -1 -1 -1  1 -1 -1 -1
-1  0  0  1  1  0  0  0 -1 -1 -1 -1  0 -1 -1 -1  1 -1 -1 -1
-1 -1 -1  1  1  0  0  0 -1 -1 -1  0 -1  0 -1 -1  1 -1 -1 -1
-1 -1  0  1  1  0  0  0 -1 -1 -1 -1 -1 -1  0 -1  1 -1 -1 -1
-1 -1 -1  1  1  0  0  0  0 -1 -1  0 -1 -1 -1  1  1 -1  0  0
-1 -1 MM  1  1  1  1  0  0 -1  0  0  1  1  1  1  1  0  0  0
-1 -1  0  1  1  1  1  1  1  1  1  1  1  1  1  1  1  0  0  0
-1 -1 -1 -1  0  0 -1 -1 -1 -1  0  0 -1 -1 -1  0  0  0  0  0
-1 -1 -1 -1  0 -1 -1 -1 -1  0  0  0  0  0  0  0  0  0  0  0
-1 -1 -1 -1 -1 -1 -1 -1 -1  0  0  0  0  0  0  0  0  0  0  0
============================================================
